[00:55:21.755] Global cache location '/Users/trolbridge/Library/Caches/typescript/4.4', safe file path '/usr/local/lib/node_modules/typescript/lib/typingsafelist.json', types map path /usr/local/lib/node_modules/typescript/lib/typesmap.json
[00:55:21.756] Processing cache location '/Users/trolbridge/Library/Caches/typescript/4.4'
[00:55:21.756] Trying to find '/Users/trolbridge/Library/Caches/typescript/4.4/package.json'...
[00:55:21.756] Loaded content of '/Users/trolbridge/Library/Caches/typescript/4.4/package.json': {"private":true,"dependencies":{"types-registry":"^0.1.567"}}
[00:55:21.756] Loaded content of '/Users/trolbridge/Library/Caches/typescript/4.4/package-lock.json'
[00:55:21.756] Finished processing cache location '/Users/trolbridge/Library/Caches/typescript/4.4'
[00:55:21.757] Process id: 73817
[00:55:21.757] NPM location: /usr/local/bin/npm (explicit '--npmLocation' not  provided)
[00:55:21.757] validateDefaultNpmLocation: false
[00:55:21.757] Npm config file: /Users/trolbridge/Library/Caches/typescript/4.4/package.json
[00:55:21.757] Updating types-registry npm package...
[00:55:21.757] Exec: /usr/local/bin/npm install --ignore-scripts types-registry@latest
[00:55:22.273]     Succeeded. stdout:
    
    up to date, audited 2 packages in 388ms

found 0 vulnerabilities

[00:55:22.274] Updated types-registry npm package
[00:55:22.296] Got install request {"projectName":"/dev/null/inferredProject1*","fileNames":["/usr/local/lib/node_modules/typescript/lib/lib.es5.d.ts","/usr/local/lib/node_modules/typescript/lib/lib.es2015.d.ts","/usr/local/lib/node_modules/typescript/lib/lib.es2016.d.ts","/usr/local/lib/node_modules/typescript/lib/lib.dom.d.ts","/usr/local/lib/node_modules/typescript/lib/lib.dom.iterable.d.ts","/usr/local/lib/node_modules/typescript/lib/lib.webworker.importscripts.d.ts","/usr/local/lib/node_modules/typescript/lib/lib.scripthost.d.ts","/usr/local/lib/node_modules/typescript/lib/lib.es2015.core.d.ts","/usr/local/lib/node_modules/typescript/lib/lib.es2015.collection.d.ts","/usr/local/lib/node_modules/typescript/lib/lib.es2015.generator.d.ts","/usr/local/lib/node_modules/typescript/lib/lib.es2015.iterable.d.ts","/usr/local/lib/node_modules/typescript/lib/lib.es2015.promise.d.ts","/usr/local/lib/node_modules/typescript/lib/lib.es2015.proxy.d.ts","/usr/local/lib/node_modules/typescript/lib/lib.es2015.reflect.d.ts","/usr/local/lib/node_modules/typescript/lib/lib.es2015.symbol.d.ts","/usr/local/lib/node_modules/typescript/lib/lib.es2015.symbol.wellknown.d.ts","/usr/local/lib/node_modules/typescript/lib/lib.es2016.array.include.d.ts","/usr/local/lib/node_modules/typescript/lib/lib.es2016.full.d.ts","/Users/trolbridge/.emacs.d/ts1/app.js"],"compilerOptions":{"module":1,"target":3,"jsx":1,"allowJs":true,"allowSyntheticDefaultImports":true,"allowNonTsExtensions":true,"noEmitForJsFiles":true,"maxNodeModuleJsDepth":2},"typeAcquisition":{"enable":true,"include":[],"exclude":[]},"unresolvedImports":[],"projectRootPath":"/Users/trolbridge/.emacs.d/ts1","kind":"discover"}
[00:55:22.308] Loaded safelist from types map file '/usr/local/lib/node_modules/typescript/lib/typesmap.json'
[00:55:22.308] Explicitly included types: []
[00:55:22.309] Inferred typings from unresolved imports: []
[00:55:22.309] Result: {"cachedTypingPaths":[],"newTypingNames":[],"filesToWatch":["/Users/trolbridge/.emacs.d/ts1/bower_components","/Users/trolbridge/.emacs.d/ts1/node_modules"]}
[00:55:22.309] Finished typings discovery: {"cachedTypingPaths":[],"newTypingNames":[],"filesToWatch":["/Users/trolbridge/.emacs.d/ts1/bower_components","/Users/trolbridge/.emacs.d/ts1/node_modules"]}
[00:55:22.309] DirectoryWatcher:: Added:: WatchInfo: /Users/trolbridge/.emacs.d/ts1/bower_components
[00:55:22.309] DirectoryWatcher:: Added:: WatchInfo: /Users/trolbridge/.emacs.d/ts1/bower_components 1 undefined Project: /dev/null/inferredProject1* watcher already invoked: false
[00:55:22.310] Elapsed:: 0.42916595935821533ms DirectoryWatcher:: Added:: WatchInfo: /Users/trolbridge/.emacs.d/ts1/bower_components 1 undefined Project: /dev/null/inferredProject1* watcher already invoked: false
[00:55:22.310] DirectoryWatcher:: Added:: WatchInfo: /Users/trolbridge/.emacs.d/ts1/node_modules
[00:55:22.310] DirectoryWatcher:: Added:: WatchInfo: /Users/trolbridge/.emacs.d/ts1/node_modules 1 undefined Project: /dev/null/inferredProject1* watcher already invoked: false
[00:55:22.310] Elapsed:: 0.04324996471405029ms DirectoryWatcher:: Added:: WatchInfo: /Users/trolbridge/.emacs.d/ts1/node_modules 1 undefined Project: /dev/null/inferredProject1* watcher already invoked: false
[00:55:22.310] Sending response:
    {"projectName":"/dev/null/inferredProject1*","typeAcquisition":{"enable":true,"include":[],"exclude":[]},"compilerOptions":{"module":1,"target":3,"jsx":1,"allowJs":true,"allowSyntheticDefaultImports":true,"allowNonTsExtensions":true,"noEmitForJsFiles":true,"maxNodeModuleJsDepth":2},"typings":[],"unresolvedImports":[],"kind":"action::set"}
[00:55:22.310] Response has been sent.
[00:55:22.310] No new typings were requested as a result of typings discovery
